2025-08-13 12:49:06 Loading main app package /opt/Obsidian/resources/obsidian.asar
2025-08-13 12:49:06 Checking for update using Github
2025-08-13 12:49:07 Success.
2025-08-13 12:49:07 Latest version is 1.8.10
2025-08-13 12:49:07 App is up to date.
2025-08-13 12:56:12 Loading main app package /opt/Obsidian/resources/obsidian.asar
2025-08-13 12:56:12 Checking for update using Github
2025-08-13 12:56:13 Success.
2025-08-13 12:56:13 Latest version is 1.8.10
2025-08-13 12:56:13 App is up to date.
2025-08-14 06:50:46 Loading main app package /opt/Obsidian/resources/obsidian.asar
2025-08-14 06:50:46 Checking for update using Github
2025-08-14 06:50:47 Success.
2025-08-14 06:50:47 Latest version is 1.8.10
2025-08-14 06:50:47 App is up to date.
2025-08-15 05:43:16 Loading main app package /opt/Obsidian/resources/obsidian.asar
2025-08-15 05:43:16 Checking for update using Github
2025-08-15 05:43:17 Success.
2025-08-15 05:43:17 Latest version is 1.8.10
2025-08-15 05:43:17 App is up to date.
2025-08-15 06:43:16 Checking for update using Github
2025-08-15 06:43:16 Success.
2025-08-15 06:43:16 Latest version is 1.8.10
2025-08-15 06:43:16 App is up to date.
2025-08-15 07:03:33 Loading main app package /opt/Obsidian/resources/obsidian.asar
2025-08-15 07:03:33 Checking for update using Github
2025-08-15 07:03:33 Success.
2025-08-15 07:03:33 Latest version is 1.8.10
2025-08-15 07:03:33 App is up to date.
2025-08-18 11:08:00 Loading main app package /opt/Obsidian/resources/obsidian.asar
2025-08-18 11:08:00 Checking for update using Github
2025-08-18 11:08:12 Success.
2025-08-18 11:08:12 Latest version is 1.8.10
2025-08-18 11:08:12 App is up to date.
2025-08-18 12:08:00 Checking for update using Github
2025-08-18 12:08:00 Success.
2025-08-18 12:08:00 Latest version is 1.8.10
2025-08-18 12:08:00 App is up to date.
2025-08-18 13:08:00 Checking for update using Github
2025-08-18 13:08:00 Success.
2025-08-18 13:08:00 Latest version is 1.8.10
2025-08-18 13:08:00 App is up to date.
2025-08-18 13:54:11 Loading main app package /opt/Obsidian/resources/obsidian.asar
2025-08-18 13:54:12 Checking for update using Github
2025-08-18 13:54:12 Success.
2025-08-18 13:54:12 Latest version is 1.8.10
2025-08-18 13:54:12 App is up to date.
2025-08-19 06:09:40 Loading main app package /opt/Obsidian/resources/obsidian.asar
2025-08-19 06:09:40 Checking for update using Github
2025-08-19 06:09:40 Success.
2025-08-19 06:09:40 Latest version is 1.9.10
2025-08-19 06:09:40 Downloading update from https://github.com/obsidianmd/obsidian-releases/releases/download/v1.9.10/obsidian-1.9.10.asar.gz
2025-08-19 06:09:43 Verifying hash & signature. Size= 9033422
2025-08-19 06:09:43 Saving file
2025-08-19 06:09:43 Update complete.
2025-08-19 07:09:40 Checking for update using Github
2025-08-19 07:09:40 Success.
2025-08-19 07:09:40 Latest version is 1.9.10
2025-08-19 07:09:40 An update is already downloaded.
2025-08-19 08:09:40 Checking for update using Github
2025-08-19 08:09:40 Success.
2025-08-19 08:09:40 Latest version is 1.9.10
2025-08-19 08:09:40 An update is already downloaded.
2025-08-19 09:09:40 Checking for update using Github
2025-08-19 09:09:42 Success.
2025-08-19 09:09:42 Latest version is 1.9.10
2025-08-19 09:09:42 An update is already downloaded.
